C51 COMPILER V9.60.0.0   INTERRUPTS                                                        10/03/2025 21:55:10 PAGE 1   


C51 COMPILER V9.60.0.0, COMPILATION OF MODULE INTERRUPTS
OBJECT MODULE PLACED IN .\src\Interrupts.OBJ
COMPILER INVOKED BY: C:\SiliconLabs\SimplicityStudio\v5_2\developer\toolchains\keil_8051\9.60\BIN\C51.exe C:\src\tennp\g
                    -it\LightCube\Firmware\LightCube\src\Interrupts.c OMF2 SMALL DEBUG OBJECTEXTEND ROM(LARGE) WARNINGLEVEL(2) FLOATFUZZY(3) 
                    -OPTIMIZE(8,SPEED) DEFINE(DEBUG=1) INTVECTOR(0X0000) INTPROMOTE INCDIR(C:/SiliconLabs/SimplicityStudio/v5_2/developer/sdk
                    -s/8051/v4.3.1//Device/EFM8BB50/inc;C:/SiliconLabs/SimplicityStudio/v5_2/developer/sdks/8051/v4.3.1//Device/shared/si8051
                    -Base) PRINT(.\src\Interrupts.lst) COND PAGEWIDTH(120) PAGELENGTH(65) OBJECT(.\src\Interrupts.OBJ)

line level    source

   1          //=========================================================
   2          // src/Interrupts.c: generated by Hardware Configurator
   3          //
   4          // This file will be regenerated when saving a document.
   5          // leave the sections inside the "$[...]" comment tags alone
   6          // or they will be overwritten!!
   7          //=========================================================
   8          
   9          // USER INCLUDES
  10          //#include <SI_EFM8BB50_Register_Enums.h>
  11          #include "main.h"
  12          
  13          //-----------------------------------------------------------------------------
  14          // PCA0_ISR
  15          //-----------------------------------------------------------------------------
  16          //
  17          // PCA0 ISR Content goes here. Remember to clear flag bits:
  18          // PCA0CN0::CCF0 (PCA Module 0 Capture/Compare Flag)
  19          // PCA0CN0::CCF1 (PCA Module 1 Capture/Compare Flag)
  20          // PCA0CN0::CCF2 (PCA Module 2 Capture/Compare Flag)
  21          // PCA0CN0::CF (PCA Counter/Timer Overflow Flag)
  22          // PCA0PWM::COVF (Cycle Overflow Flag)
  23          //
  24          //-----------------------------------------------------------------------------
  25          SI_INTERRUPT (PCA0_ISR, PCA0_IRQn)
  26            {
  27   1        PCA0CPL0 = pwm_channels[0].u8[1];
  28   1        PCA0CPH0 = pwm_channels[0].u8[0];
  29   1        PCA0CN0_CCF0 = 0;
  30   1        PCA0CN0_CF = 0;
  31   1        }
  32          
  33          
  34          //-----------------------------------------------------------------------------
  35          // TIMER2_ISR
  36          //-----------------------------------------------------------------------------
  37          //
  38          // TIMER2 ISR Content goes here. Remember to clear flag bits:
  39          // TMR2CN0::TF2H (Timer # High Byte Overflow Flag)
  40          // TMR2CN0::TF2L (Timer # Low Byte Overflow Flag)
  41          //
  42          //-----------------------------------------------------------------------------
  43          SI_INTERRUPT (TIMER2_ISR, TIMER2_IRQn)
  44            {
  45   1          effect_trigger = 1;
  46   1          TMR2CN0_TF2H = 0; // reset overflow interrupt flag
  47   1        }


MODULE INFORMATION:   STATIC OVERLAYABLE
   CODE SIZE        =     22    ----
   CONSTANT SIZE    =   ----    ----
C51 COMPILER V9.60.0.0   INTERRUPTS                                                        10/03/2025 21:55:10 PAGE 2   

   XDATA SIZE       =   ----    ----
   PDATA SIZE       =   ----    ----
   DATA SIZE        =   ----    ----
   IDATA SIZE       =   ----    ----
   BIT SIZE         =   ----    ----
   EDATA SIZE       =   ----    ----
   HDATA SIZE       =   ----    ----
   XDATA CONST SIZE =   ----    ----
   FAR CONST SIZE   =   ----    ----
END OF MODULE INFORMATION.


C51 COMPILATION COMPLETE.  0 WARNING(S),  0 ERROR(S)
